{"C:\\Users\\Programaciòn\\Desktop\\LIM009-fe-md-links\\src\\index.js": {"path":"C:\\Users\\Programaciòn\\Desktop\\LIM009-fe-md-links\\src\\index.js","statementMap":{"0":{"start":{"line":3,"column":13},"end":{"line":3,"column":28}},"1":{"start":{"line":4,"column":11},"end":{"line":4,"column":24}},"2":{"start":{"line":6,"column":12},"end":{"line":6,"column":62}},"3":{"start":{"line":11,"column":23},"end":{"line":18,"column":1}},"4":{"start":{"line":12,"column":12},"end":{"line":12,"column":34}},"5":{"start":{"line":13,"column":2},"end":{"line":17,"column":3}},"6":{"start":{"line":14,"column":4},"end":{"line":14,"column":17}},"7":{"start":{"line":16,"column":4},"end":{"line":16,"column":31}},"8":{"start":{"line":19,"column":0},"end":{"line":19,"column":36}},"9":{"start":{"line":22,"column":15},"end":{"line":25,"column":1}},"10":{"start":{"line":23,"column":16},"end":{"line":23,"column":34}},"11":{"start":{"line":24,"column":2},"end":{"line":24,"column":24}},"12":{"start":{"line":26,"column":0},"end":{"line":26,"column":43}},"13":{"start":{"line":29,"column":20},"end":{"line":32,"column":1}},"14":{"start":{"line":30,"column":16},"end":{"line":30,"column":34}},"15":{"start":{"line":31,"column":2},"end":{"line":31,"column":29}},"16":{"start":{"line":33,"column":0},"end":{"line":33,"column":38}},"17":{"start":{"line":36,"column":17},"end":{"line":39,"column":1}},"18":{"start":{"line":37,"column":13},"end":{"line":37,"column":44}},"19":{"start":{"line":38,"column":2},"end":{"line":38,"column":14}},"20":{"start":{"line":40,"column":0},"end":{"line":40,"column":45}},"21":{"start":{"line":43,"column":22},"end":{"line":48,"column":1}},"22":{"start":{"line":44,"column":21},"end":{"line":44,"column":51}},"23":{"start":{"line":45,"column":2},"end":{"line":47,"column":5}},"24":{"start":{"line":46,"column":4},"end":{"line":46,"column":37}},"25":{"start":{"line":49,"column":0},"end":{"line":49,"column":40}},"26":{"start":{"line":52,"column":19},"end":{"line":55,"column":1}},"27":{"start":{"line":53,"column":17},"end":{"line":53,"column":44}},"28":{"start":{"line":54,"column":2},"end":{"line":54,"column":18}},"29":{"start":{"line":56,"column":0},"end":{"line":56,"column":47}},"30":{"start":{"line":59,"column":21},"end":{"line":73,"column":1}},"31":{"start":{"line":60,"column":14},"end":{"line":60,"column":16}},"32":{"start":{"line":61,"column":2},"end":{"line":71,"column":3}},"33":{"start":{"line":62,"column":4},"end":{"line":64,"column":5}},"34":{"start":{"line":63,"column":6},"end":{"line":63,"column":24}},"35":{"start":{"line":66,"column":14},"end":{"line":66,"column":35}},"36":{"start":{"line":67,"column":4},"end":{"line":70,"column":7}},"37":{"start":{"line":68,"column":23},"end":{"line":68,"column":60}},"38":{"start":{"line":69,"column":6},"end":{"line":69,"column":37}},"39":{"start":{"line":72,"column":2},"end":{"line":72,"column":15}},"40":{"start":{"line":74,"column":0},"end":{"line":74,"column":49}},"41":{"start":{"line":76,"column":0},"end":{"line":84,"column":2}}},"fnMap":{"0":{"name":"(anonymous_0)","decl":{"start":{"line":11,"column":23},"end":{"line":11,"column":24}},"loc":{"start":{"line":11,"column":34},"end":{"line":18,"column":1}},"line":11},"1":{"name":"(anonymous_1)","decl":{"start":{"line":22,"column":15},"end":{"line":22,"column":16}},"loc":{"start":{"line":22,"column":26},"end":{"line":25,"column":1}},"line":22},"2":{"name":"(anonymous_2)","decl":{"start":{"line":29,"column":20},"end":{"line":29,"column":21}},"loc":{"start":{"line":29,"column":31},"end":{"line":32,"column":1}},"line":29},"3":{"name":"(anonymous_3)","decl":{"start":{"line":36,"column":17},"end":{"line":36,"column":18}},"loc":{"start":{"line":36,"column":28},"end":{"line":39,"column":1}},"line":36},"4":{"name":"(anonymous_4)","decl":{"start":{"line":43,"column":22},"end":{"line":43,"column":23}},"loc":{"start":{"line":43,"column":33},"end":{"line":48,"column":1}},"line":43},"5":{"name":"(anonymous_5)","decl":{"start":{"line":45,"column":26},"end":{"line":45,"column":27}},"loc":{"start":{"line":45,"column":39},"end":{"line":47,"column":3}},"line":45},"6":{"name":"(anonymous_6)","decl":{"start":{"line":52,"column":19},"end":{"line":52,"column":20}},"loc":{"start":{"line":52,"column":28},"end":{"line":55,"column":1}},"line":52},"7":{"name":"(anonymous_7)","decl":{"start":{"line":59,"column":21},"end":{"line":59,"column":22}},"loc":{"start":{"line":59,"column":32},"end":{"line":73,"column":1}},"line":59},"8":{"name":"(anonymous_8)","decl":{"start":{"line":67,"column":16},"end":{"line":67,"column":17}},"loc":{"start":{"line":67,"column":27},"end":{"line":70,"column":5}},"line":67}},"branchMap":{"0":{"loc":{"start":{"line":13,"column":2},"end":{"line":17,"column":3}},"type":"if","locations":[{"start":{"line":13,"column":2},"end":{"line":17,"column":3}},{"start":{"line":13,"column":2},"end":{"line":17,"column":3}}],"line":13},"1":{"loc":{"start":{"line":61,"column":2},"end":{"line":71,"column":3}},"type":"if","locations":[{"start":{"line":61,"column":2},"end":{"line":71,"column":3}},{"start":{"line":61,"column":2},"end":{"line":71,"column":3}}],"line":61},"2":{"loc":{"start":{"line":62,"column":4},"end":{"line":64,"column":5}},"type":"if","locations":[{"start":{"line":62,"column":4},"end":{"line":64,"column":5}},{"start":{"line":62,"column":4},"end":{"line":64,"column":5}}],"line":62}},"s":{"0":1,"1":1,"2":1,"3":1,"4":2,"5":2,"6":1,"7":1,"8":1,"9":1,"10":7,"11":6,"12":1,"13":1,"14":4,"15":4,"16":1,"17":1,"18":2,"19":2,"20":1,"21":1,"22":2,"23":2,"24":2,"25":1,"26":1,"27":5,"28":5,"29":1,"30":1,"31":3,"32":3,"33":2,"34":2,"35":1,"36":1,"37":1,"38":1,"39":3,"40":1,"41":1},"f":{"0":2,"1":7,"2":4,"3":2,"4":2,"5":2,"6":5,"7":3,"8":1},"b":{"0":[1,1],"1":[2,1],"2":[2,0]},"_coverageSchema":"43e27e138ebf9cfc5966b082cf9a028302ed4184","hash":"2fa7bfded0d6d796ac60d3e506e4bdf7599a56cf"}
}
