{"C:\\Users\\Programaciòn\\Desktop\\LIM009-fe-md-links\\src\\index.js": {"path":"C:\\Users\\Programaciòn\\Desktop\\LIM009-fe-md-links\\src\\index.js","statementMap":{"0":{"start":{"line":1,"column":13},"end":{"line":1,"column":28}},"1":{"start":{"line":2,"column":11},"end":{"line":2,"column":24}},"2":{"start":{"line":3,"column":17},"end":{"line":3,"column":34}},"3":{"start":{"line":11,"column":23},"end":{"line":17,"column":1}},"4":{"start":{"line":12,"column":2},"end":{"line":16,"column":3}},"5":{"start":{"line":13,"column":4},"end":{"line":13,"column":17}},"6":{"start":{"line":15,"column":4},"end":{"line":15,"column":31}},"7":{"start":{"line":22,"column":15},"end":{"line":25,"column":1}},"8":{"start":{"line":23,"column":16},"end":{"line":23,"column":34}},"9":{"start":{"line":24,"column":2},"end":{"line":24,"column":24}},"10":{"start":{"line":29,"column":20},"end":{"line":32,"column":1}},"11":{"start":{"line":30,"column":16},"end":{"line":30,"column":34}},"12":{"start":{"line":31,"column":2},"end":{"line":31,"column":29}},"13":{"start":{"line":36,"column":17},"end":{"line":39,"column":1}},"14":{"start":{"line":37,"column":13},"end":{"line":37,"column":44}},"15":{"start":{"line":38,"column":2},"end":{"line":38,"column":14}},"16":{"start":{"line":43,"column":22},"end":{"line":48,"column":1}},"17":{"start":{"line":44,"column":21},"end":{"line":44,"column":51}},"18":{"start":{"line":45,"column":2},"end":{"line":47,"column":5}},"19":{"start":{"line":46,"column":4},"end":{"line":46,"column":37}},"20":{"start":{"line":52,"column":19},"end":{"line":55,"column":1}},"21":{"start":{"line":53,"column":17},"end":{"line":53,"column":44}},"22":{"start":{"line":54,"column":2},"end":{"line":54,"column":18}},"23":{"start":{"line":59,"column":21},"end":{"line":73,"column":1}},"24":{"start":{"line":60,"column":14},"end":{"line":60,"column":16}},"25":{"start":{"line":61,"column":2},"end":{"line":71,"column":3}},"26":{"start":{"line":62,"column":4},"end":{"line":64,"column":5}},"27":{"start":{"line":63,"column":6},"end":{"line":63,"column":24}},"28":{"start":{"line":66,"column":14},"end":{"line":66,"column":35}},"29":{"start":{"line":67,"column":4},"end":{"line":70,"column":7}},"30":{"start":{"line":68,"column":23},"end":{"line":68,"column":59}},"31":{"start":{"line":69,"column":6},"end":{"line":69,"column":37}},"32":{"start":{"line":72,"column":2},"end":{"line":72,"column":15}},"33":{"start":{"line":77,"column":22},"end":{"line":89,"column":1}},"34":{"start":{"line":78,"column":20},"end":{"line":78,"column":55}},"35":{"start":{"line":79,"column":15},"end":{"line":79,"column":17}},"36":{"start":{"line":80,"column":2},"end":{"line":87,"column":5}},"37":{"start":{"line":81,"column":22},"end":{"line":81,"column":40}},"38":{"start":{"line":82,"column":19},"end":{"line":82,"column":42}},"39":{"start":{"line":83,"column":4},"end":{"line":85,"column":6}},"40":{"start":{"line":84,"column":6},"end":{"line":84,"column":62}},"41":{"start":{"line":86,"column":4},"end":{"line":86,"column":48}},"42":{"start":{"line":88,"column":2},"end":{"line":88,"column":16}},"43":{"start":{"line":92,"column":0},"end":{"line":101,"column":2}}},"fnMap":{"0":{"name":"(anonymous_0)","decl":{"start":{"line":11,"column":23},"end":{"line":11,"column":24}},"loc":{"start":{"line":11,"column":34},"end":{"line":17,"column":1}},"line":11},"1":{"name":"(anonymous_1)","decl":{"start":{"line":22,"column":15},"end":{"line":22,"column":16}},"loc":{"start":{"line":22,"column":26},"end":{"line":25,"column":1}},"line":22},"2":{"name":"(anonymous_2)","decl":{"start":{"line":29,"column":20},"end":{"line":29,"column":21}},"loc":{"start":{"line":29,"column":31},"end":{"line":32,"column":1}},"line":29},"3":{"name":"(anonymous_3)","decl":{"start":{"line":36,"column":17},"end":{"line":36,"column":18}},"loc":{"start":{"line":36,"column":28},"end":{"line":39,"column":1}},"line":36},"4":{"name":"(anonymous_4)","decl":{"start":{"line":43,"column":22},"end":{"line":43,"column":23}},"loc":{"start":{"line":43,"column":33},"end":{"line":48,"column":1}},"line":43},"5":{"name":"(anonymous_5)","decl":{"start":{"line":45,"column":26},"end":{"line":45,"column":27}},"loc":{"start":{"line":45,"column":39},"end":{"line":47,"column":3}},"line":45},"6":{"name":"(anonymous_6)","decl":{"start":{"line":52,"column":19},"end":{"line":52,"column":20}},"loc":{"start":{"line":52,"column":28},"end":{"line":55,"column":1}},"line":52},"7":{"name":"(anonymous_7)","decl":{"start":{"line":59,"column":21},"end":{"line":59,"column":22}},"loc":{"start":{"line":59,"column":32},"end":{"line":73,"column":1}},"line":59},"8":{"name":"(anonymous_8)","decl":{"start":{"line":67,"column":16},"end":{"line":67,"column":17}},"loc":{"start":{"line":67,"column":26},"end":{"line":70,"column":5}},"line":67},"9":{"name":"(anonymous_9)","decl":{"start":{"line":77,"column":22},"end":{"line":77,"column":23}},"loc":{"start":{"line":77,"column":33},"end":{"line":89,"column":1}},"line":77},"10":{"name":"(anonymous_10)","decl":{"start":{"line":80,"column":22},"end":{"line":80,"column":23}},"loc":{"start":{"line":80,"column":36},"end":{"line":87,"column":3}},"line":80},"11":{"name":"(anonymous_11)","decl":{"start":{"line":83,"column":20},"end":{"line":83,"column":21}},"loc":{"start":{"line":83,"column":43},"end":{"line":85,"column":5}},"line":83}},"branchMap":{"0":{"loc":{"start":{"line":12,"column":2},"end":{"line":16,"column":3}},"type":"if","locations":[{"start":{"line":12,"column":2},"end":{"line":16,"column":3}},{"start":{"line":12,"column":2},"end":{"line":16,"column":3}}],"line":12},"1":{"loc":{"start":{"line":61,"column":2},"end":{"line":71,"column":3}},"type":"if","locations":[{"start":{"line":61,"column":2},"end":{"line":71,"column":3}},{"start":{"line":61,"column":2},"end":{"line":71,"column":3}}],"line":61},"2":{"loc":{"start":{"line":62,"column":4},"end":{"line":64,"column":5}},"type":"if","locations":[{"start":{"line":62,"column":4},"end":{"line":64,"column":5}},{"start":{"line":62,"column":4},"end":{"line":64,"column":5}}],"line":62}},"s":{"0":2,"1":2,"2":2,"3":2,"4":4,"5":2,"6":1,"7":2,"8":7,"9":6,"10":2,"11":3,"12":2,"13":2,"14":2,"15":2,"16":2,"17":1,"18":1,"19":2,"20":2,"21":5,"22":5,"23":2,"24":4,"25":4,"26":3,"27":3,"28":1,"29":1,"30":1,"31":1,"32":4,"33":2,"34":2,"35":1,"36":1,"37":1,"38":1,"39":1,"40":2,"41":1,"42":1,"43":2},"f":{"0":4,"1":7,"2":3,"3":2,"4":1,"5":2,"6":5,"7":4,"8":1,"9":2,"10":1,"11":2},"b":{"0":[2,1],"1":[3,1],"2":[3,0]},"_coverageSchema":"43e27e138ebf9cfc5966b082cf9a028302ed4184","hash":"492b6f5d2e7597ecd133256397ab5c97435d353a"}
,"C:\\Users\\Programaciòn\\Desktop\\LIM009-fe-md-links\\src\\validate.js": {"path":"C:\\Users\\Programaciòn\\Desktop\\LIM009-fe-md-links\\src\\validate.js","statementMap":{"0":{"start":{"line":1,"column":14},"end":{"line":1,"column":35}},"1":{"start":{"line":2,"column":26},"end":{"line":2,"column":52}},"2":{"start":{"line":4,"column":22},"end":{"line":30,"column":1}},"3":{"start":{"line":5,"column":19},"end":{"line":5,"column":39}},"4":{"start":{"line":6,"column":19},"end":{"line":28,"column":3}},"5":{"start":{"line":7,"column":4},"end":{"line":27,"column":6}},"6":{"start":{"line":8,"column":19},"end":{"line":8,"column":34}},"7":{"start":{"line":9,"column":6},"end":{"line":26,"column":9}},"8":{"start":{"line":10,"column":8},"end":{"line":20,"column":9}},"9":{"start":{"line":11,"column":10},"end":{"line":11,"column":34}},"10":{"start":{"line":12,"column":10},"end":{"line":12,"column":42}},"11":{"start":{"line":14,"column":10},"end":{"line":14,"column":23}},"12":{"start":{"line":16,"column":10},"end":{"line":17,"column":34}},"13":{"start":{"line":19,"column":10},"end":{"line":19,"column":23}},"14":{"start":{"line":22,"column":8},"end":{"line":22,"column":48}},"15":{"start":{"line":23,"column":8},"end":{"line":23,"column":32}},"16":{"start":{"line":25,"column":8},"end":{"line":25,"column":21}},"17":{"start":{"line":29,"column":2},"end":{"line":29,"column":31}},"18":{"start":{"line":33,"column":0},"end":{"line":35,"column":2}}},"fnMap":{"0":{"name":"(anonymous_0)","decl":{"start":{"line":4,"column":22},"end":{"line":4,"column":23}},"loc":{"start":{"line":4,"column":33},"end":{"line":30,"column":1}},"line":4},"1":{"name":"(anonymous_1)","decl":{"start":{"line":6,"column":32},"end":{"line":6,"column":33}},"loc":{"start":{"line":7,"column":4},"end":{"line":27,"column":6}},"line":7},"2":{"name":"(anonymous_2)","decl":{"start":{"line":7,"column":16},"end":{"line":7,"column":17}},"loc":{"start":{"line":7,"column":29},"end":{"line":27,"column":5}},"line":7},"3":{"name":"(anonymous_3)","decl":{"start":{"line":9,"column":24},"end":{"line":9,"column":25}},"loc":{"start":{"line":9,"column":33},"end":{"line":21,"column":7}},"line":9},"4":{"name":"(anonymous_4)","decl":{"start":{"line":21,"column":15},"end":{"line":21,"column":16}},"loc":{"start":{"line":21,"column":26},"end":{"line":26,"column":7}},"line":21}},"branchMap":{"0":{"loc":{"start":{"line":10,"column":8},"end":{"line":20,"column":9}},"type":"if","locations":[{"start":{"line":10,"column":8},"end":{"line":20,"column":9}},{"start":{"line":10,"column":8},"end":{"line":20,"column":9}}],"line":10},"1":{"loc":{"start":{"line":10,"column":12},"end":{"line":10,"column":49}},"type":"binary-expr","locations":[{"start":{"line":10,"column":12},"end":{"line":10,"column":29}},{"start":{"line":10,"column":33},"end":{"line":10,"column":49}}],"line":10}},"s":{"0":1,"1":1,"2":1,"3":1,"4":0,"5":0,"6":0,"7":0,"8":0,"9":0,"10":0,"11":0,"12":0,"13":0,"14":0,"15":0,"16":0,"17":0,"18":1},"f":{"0":1,"1":0,"2":0,"3":0,"4":0},"b":{"0":[0,0],"1":[0,0]},"_coverageSchema":"43e27e138ebf9cfc5966b082cf9a028302ed4184","hash":"5bf1de22d3958de05dde1559ae1d03bd8a565bb3"}
}
