TN:
SF:/home/diana/Desktop/LIM009-fe-md-links/src/index.js
FN:6,(anonymous_0)
FN:15,(anonymous_1)
FN:21,(anonymous_2)
FN:27,(anonymous_3)
FN:33,(anonymous_4)
FN:35,(anonymous_5)
FN:41,(anonymous_6)
FN:47,(anonymous_7)
FN:55,(anonymous_8)
FN:64,(anonymous_9)
FN:67,(anonymous_10)
FN:70,(anonymous_11)
FNF:12
FNH:12
FNDA:8,(anonymous_0)
FNDA:23,(anonymous_1)
FNDA:3,(anonymous_2)
FNDA:5,(anonymous_3)
FNDA:1,(anonymous_4)
FNDA:2,(anonymous_5)
FNDA:13,(anonymous_6)
FNDA:20,(anonymous_7)
FNDA:13,(anonymous_8)
FNDA:3,(anonymous_9)
FNDA:4,(anonymous_10)
FNDA:6,(anonymous_11)
DA:1,3
DA:2,3
DA:3,3
DA:6,3
DA:7,8
DA:8,7
DA:10,1
DA:15,3
DA:16,23
DA:17,21
DA:21,3
DA:22,3
DA:23,2
DA:27,3
DA:28,5
DA:29,5
DA:33,3
DA:34,1
DA:35,1
DA:36,2
DA:41,3
DA:42,13
DA:43,13
DA:47,3
DA:48,20
DA:49,20
DA:50,10
DA:51,10
DA:54,9
DA:55,9
DA:56,13
DA:57,13
DA:60,19
DA:64,3
DA:65,3
DA:66,3
DA:67,3
DA:68,4
DA:69,4
DA:70,4
DA:71,6
DA:73,4
DA:75,3
DA:78,3
LF:44
LH:44
BRDA:7,0,0,7
BRDA:7,0,1,1
BRDA:49,1,0,10
BRDA:49,1,1,9
BRDA:50,2,0,10
BRDA:50,2,1,0
BRF:6
BRH:5
end_of_record
TN:
SF:/home/diana/Desktop/LIM009-fe-md-links/src/mdlinks.js
FN:8,(anonymous_0)
FN:9,(anonymous_1)
FNF:2
FNH:2
FNDA:3,(anonymous_0)
FNDA:3,(anonymous_1)
DA:2,1
DA:3,1
DA:4,1
DA:5,1
DA:6,1
DA:8,1
DA:9,3
DA:10,3
DA:11,3
DA:12,2
DA:13,1
DA:14,1
DA:16,0
DA:18,1
DA:19,1
DA:20,1
DA:22,0
DA:26,1
DA:27,1
DA:28,1
DA:34,1
LF:21
LH:19
BRDA:12,0,0,1
BRDA:12,0,1,1
BRDA:12,1,0,2
BRDA:12,1,1,2
BRDA:12,1,2,1
BRDA:13,2,0,1
BRDA:13,2,1,0
BRDA:18,3,0,1
BRDA:18,3,1,0
BRDA:18,4,0,1
BRDA:18,4,1,1
BRDA:19,5,0,1
BRDA:19,5,1,0
BRDA:26,6,0,1
BRDA:26,6,1,0
BRF:15
BRH:11
end_of_record
TN:
SF:/home/diana/Desktop/LIM009-fe-md-links/src/options.js
FN:2,(anonymous_0)
FN:3,(anonymous_1)
FN:7,(anonymous_2)
FNF:3
FNH:3
FNDA:2,(anonymous_0)
FNDA:8,(anonymous_1)
FNDA:8,(anonymous_2)
DA:2,1
DA:3,2
DA:4,8
DA:6,2
DA:7,2
DA:8,8
DA:10,2
DA:17,1
LF:8
LH:8
BRF:0
BRH:0
end_of_record
TN:
SF:/home/diana/Desktop/LIM009-fe-md-links/src/validate.js
FN:4,(anonymous_0)
FN:6,(anonymous_1)
FN:7,(anonymous_2)
FN:9,(anonymous_3)
FN:19,(anonymous_4)
FNF:5
FNH:4
FNDA:2,(anonymous_0)
FNDA:4,(anonymous_1)
FNDA:4,(anonymous_2)
FNDA:4,(anonymous_3)
FNDA:0,(anonymous_4)
DA:1,2
DA:2,2
DA:4,2
DA:5,2
DA:6,2
DA:7,4
DA:8,4
DA:9,4
DA:10,4
DA:11,2
DA:12,2
DA:13,2
DA:15,2
DA:17,2
DA:20,0
DA:21,0
DA:22,0
DA:26,2
DA:29,2
LF:19
LH:16
BRDA:10,0,0,2
BRDA:10,0,1,2
BRDA:10,1,0,4
BRDA:10,1,1,4
BRF:4
BRH:4
end_of_record
