TN:
SF:C:\Users\Programaciòn\Desktop\LIM009-fe-md-links\src\cli.js
FN:11,(anonymous_0)
FN:19,(anonymous_1)
FN:20,(anonymous_2)
FN:29,(anonymous_3)
FN:36,(anonymous_4)
FNF:5
FNH:0
FNDA:0,(anonymous_0)
FNDA:0,(anonymous_1)
FNDA:0,(anonymous_2)
FNDA:0,(anonymous_3)
FNDA:0,(anonymous_4)
DA:3,1
DA:5,1
DA:6,1
DA:8,1
DA:9,1
DA:11,1
DA:12,0
DA:13,0
DA:14,0
DA:15,0
DA:19,1
DA:20,0
DA:21,0
DA:22,0
DA:23,0
DA:24,0
DA:25,0
DA:26,0
DA:27,0
DA:29,0
DA:30,0
DA:35,1
DA:36,0
LF:23
LH:8
BRDA:12,0,0,0
BRDA:12,0,1,0
BRDA:12,1,0,0
BRDA:12,1,1,0
BRDA:14,2,0,0
BRDA:14,2,1,0
BRDA:14,3,0,0
BRDA:14,3,1,0
BRDA:24,4,0,0
BRDA:24,4,1,0
BRDA:24,5,0,0
BRDA:24,5,1,0
BRDA:24,5,2,0
BRDA:26,6,0,0
BRDA:26,6,1,0
BRDA:26,7,0,0
BRDA:26,7,1,0
BRDA:26,7,2,0
BRDA:35,8,0,0
BRDA:35,8,1,1
BRF:20
BRH:1
end_of_record
TN:
SF:C:\Users\Programaciòn\Desktop\LIM009-fe-md-links\src\index.js
FN:11,(anonymous_0)
FN:22,(anonymous_1)
FN:29,(anonymous_2)
FN:36,(anonymous_3)
FN:43,(anonymous_4)
FN:45,(anonymous_5)
FN:52,(anonymous_6)
FN:59,(anonymous_7)
FN:67,(anonymous_8)
FN:77,(anonymous_9)
FN:80,(anonymous_10)
FN:83,(anonymous_11)
FNF:12
FNH:12
FNDA:8,(anonymous_0)
FNDA:23,(anonymous_1)
FNDA:3,(anonymous_2)
FNDA:5,(anonymous_3)
FNDA:1,(anonymous_4)
FNDA:2,(anonymous_5)
FNDA:13,(anonymous_6)
FNDA:20,(anonymous_7)
FNDA:13,(anonymous_8)
FNDA:3,(anonymous_9)
FNDA:4,(anonymous_10)
FNDA:6,(anonymous_11)
DA:1,4
DA:2,4
DA:3,4
DA:11,4
DA:12,8
DA:13,7
DA:15,1
DA:22,4
DA:23,23
DA:24,21
DA:29,4
DA:30,3
DA:31,2
DA:36,4
DA:37,5
DA:38,5
DA:43,4
DA:44,1
DA:45,1
DA:46,2
DA:52,4
DA:53,13
DA:54,13
DA:59,4
DA:60,20
DA:61,20
DA:62,10
DA:63,10
DA:66,9
DA:67,9
DA:68,13
DA:69,13
DA:72,19
DA:77,4
DA:78,3
DA:79,3
DA:80,3
DA:81,4
DA:82,4
DA:83,4
DA:84,6
DA:86,4
DA:88,3
DA:92,4
LF:44
LH:44
BRDA:12,0,0,7
BRDA:12,0,1,1
BRDA:61,1,0,10
BRDA:61,1,1,9
BRDA:62,2,0,10
BRDA:62,2,1,0
BRF:6
BRH:5
end_of_record
TN:
SF:C:\Users\Programaciòn\Desktop\LIM009-fe-md-links\src\mdlinks.js
FN:8,(anonymous_0)
FN:9,(anonymous_1)
FNF:2
FNH:2
FNDA:3,(anonymous_0)
FNDA:3,(anonymous_1)
DA:2,2
DA:3,2
DA:4,2
DA:5,2
DA:6,2
DA:8,2
DA:9,3
DA:10,3
DA:11,3
DA:12,2
DA:13,1
DA:14,1
DA:16,0
DA:18,1
DA:19,1
DA:20,1
DA:22,0
DA:26,1
DA:27,1
DA:28,1
DA:34,2
LF:21
LH:19
BRDA:12,0,0,1
BRDA:12,0,1,1
BRDA:12,1,0,2
BRDA:12,1,1,2
BRDA:12,1,2,1
BRDA:13,2,0,1
BRDA:13,2,1,0
BRDA:18,3,0,1
BRDA:18,3,1,0
BRDA:18,4,0,1
BRDA:18,4,1,1
BRDA:19,5,0,1
BRDA:19,5,1,0
BRDA:26,6,0,1
BRDA:26,6,1,0
BRF:15
BRH:11
end_of_record
TN:
SF:C:\Users\Programaciòn\Desktop\LIM009-fe-md-links\src\options.js
FN:34,(anonymous_0)
FN:35,(anonymous_1)
FN:39,(anonymous_2)
FNF:3
FNH:3
FNDA:2,(anonymous_0)
FNDA:8,(anonymous_1)
FNDA:8,(anonymous_2)
DA:34,2
DA:35,2
DA:36,8
DA:38,2
DA:39,2
DA:40,8
DA:42,2
DA:51,2
LF:8
LH:8
BRF:0
BRH:0
end_of_record
TN:
SF:C:\Users\Programaciòn\Desktop\LIM009-fe-md-links\src\validate.js
FN:4,(anonymous_0)
FN:6,(anonymous_1)
FN:7,(anonymous_2)
FN:9,(anonymous_3)
FN:21,(anonymous_4)
FNF:5
FNH:4
FNDA:2,(anonymous_0)
FNDA:4,(anonymous_1)
FNDA:4,(anonymous_2)
FNDA:4,(anonymous_3)
FNDA:0,(anonymous_4)
DA:1,3
DA:2,3
DA:4,3
DA:5,2
DA:6,2
DA:7,4
DA:8,4
DA:9,4
DA:10,4
DA:11,2
DA:12,2
DA:14,2
DA:16,2
DA:19,2
DA:22,0
DA:23,0
DA:25,0
DA:29,2
DA:33,3
LF:19
LH:16
BRDA:10,0,0,2
BRDA:10,0,1,2
BRDA:10,1,0,4
BRDA:10,1,1,4
BRF:4
BRH:4
end_of_record
